<?xml version="1.0" encoding="UTF-8"?>
<!-- Generated by org.testng.reporters.JUnitReportReporter -->
<testsuite hostname="NDI-LAP-295" failures="0" tests="3" name="com.Cucumber_BDD_Hybrid.stepDefinitions.AutomationDemoSiteVerification" time="135.095" errors="0" timestamp="2024-07-23T18:07:45 IST" skipped="0">
  <testcase classname="com.Cucumber_BDD_Hybrid.stepDefinitions.AutomationDemoSiteVerification" name="runScenario" time="10.210"/>
  <system-out/>
  <testcase classname="com.Cucumber_BDD_Hybrid.stepDefinitions.AutomationDemoSiteVerification" name="runScenario" time="64.401"/>
  <system-out>
    <![CDATA[Element [[ChromeDriver: chrome on WINDOWS (2c80017351c7b092089d42a5b2d31a2a)] -> xpath: //*[contains(text(),'Skills')]/following-sibling::*//*[@id='Skills']] could not be clicked! element click intercepted: Element <select type="text" class="form-control ng-pristine ng-untouched ng-valid" id="Skills" ng-model="Skill" ng-init="Skill=''">...</select> is not clickable at point (613, 139). Other element would receive the click: <a style="text-decoration:none" class="ui-corner-all">...</a>
  (Session info: chrome=126.0.6478.128)
Build info: version: '3.14.0', revision: 'aacccce0', time: '2018-08-02T20:19:58.91Z'
System info: host: 'NDI-LAP-295', ip: '192.168.0.100', os.name: 'Windows 11', os.arch: 'amd64', os.version: '10.0', java.version: '21.0.2'
Driver info: org.openqa.selenium.chrome.ChromeDriver
Capabilities {acceptInsecureCerts: false, browserName: chrome, browserVersion: 126.0.6478.128, chrome: {chromedriverVersion: 126.0.6478.182 (5b5d8292ddf..., userDataDir: C:\Users\AVINAS~1.BAN\AppDa...}, fedcm:accounts: true, goog:chromeOptions: {debuggerAddress: localhost:60443}, javascriptEnabled: true, networkConnectionEnabled: false, pageLoadStrategy: normal, platform: WINDOWS, platformName: WINDOWS, proxy: Proxy(), setWindowRect: true, strictFileInteractability: false, timeouts: {implicit: 0, pageLoad: 300000, script: 30000}, unhandledPromptBehavior: dismiss and notify, webauthn:extension:credBlob: true, webauthn:extension:largeBlob: true, webauthn:extension:minPinLength: true, webauthn:extension:prf: true, webauthn:virtualAuthenticators: true}
Session ID: 2c80017351c7b092089d42a5b2d31a2a]]>
  </system-out>
  <testcase classname="com.Cucumber_BDD_Hybrid.stepDefinitions.AutomationDemoSiteVerification" name="runScenario" time="60.484"/>
  <system-out>
    <![CDATA[Element [[ChromeDriver: chrome on WINDOWS (d342bafd4d9b9c210f50e8ed47bbe9a1)] -> xpath: //*[contains(text(),'Skills')]/following-sibling::*//*[@id='Skills']] could not be clicked! element click intercepted: Element <select type="text" class="form-control ng-pristine ng-untouched ng-valid" id="Skills" ng-model="Skill" ng-init="Skill=''">...</select> is not clickable at point (613, 206). Other element would receive the click: <a style="text-decoration:none" class="ui-corner-all">...</a>
  (Session info: chrome=126.0.6478.128)
Build info: version: '3.14.0', revision: 'aacccce0', time: '2018-08-02T20:19:58.91Z'
System info: host: 'NDI-LAP-295', ip: '192.168.0.100', os.name: 'Windows 11', os.arch: 'amd64', os.version: '10.0', java.version: '21.0.2'
Driver info: org.openqa.selenium.chrome.ChromeDriver
Capabilities {acceptInsecureCerts: false, browserName: chrome, browserVersion: 126.0.6478.128, chrome: {chromedriverVersion: 126.0.6478.182 (5b5d8292ddf..., userDataDir: C:\Users\AVINAS~1.BAN\AppDa...}, fedcm:accounts: true, goog:chromeOptions: {debuggerAddress: localhost:60524}, javascriptEnabled: true, networkConnectionEnabled: false, pageLoadStrategy: normal, platform: WINDOWS, platformName: WINDOWS, proxy: Proxy(), setWindowRect: true, strictFileInteractability: false, timeouts: {implicit: 0, pageLoad: 300000, script: 30000}, unhandledPromptBehavior: dismiss and notify, webauthn:extension:credBlob: true, webauthn:extension:largeBlob: true, webauthn:extension:minPinLength: true, webauthn:extension:prf: true, webauthn:virtualAuthenticators: true}
Session ID: d342bafd4d9b9c210f50e8ed47bbe9a1]]>
  </system-out>
</testsuite> <!-- com.Cucumber_BDD_Hybrid.stepDefinitions.AutomationDemoSiteVerification -->
